This is pdfTeX, Version 3.141592653-2.6-1.40.24 (TeX Live 2022/Debian) (preloaded format=pdflatex 2023.4.14)  15 APR 2023 15:10
entering extended mode
 restricted \write18 enabled.
 %&-line parsing enabled.
**project_main.tex
(./project_main.tex
LaTeX2e <2022-06-01> patch level 5
L3 programming layer <2022-07-15>
(/usr/share/texlive/texmf-dist/tex/latex/base/book.cls
Document Class: book 2021/10/04 v1.4n Standard LaTeX document class
(/usr/share/texlive/texmf-dist/tex/latex/base/bk12.clo
File: bk12.clo 2021/10/04 v1.4n Standard LaTeX file (size option)
)
\c@part=\count185
\c@chapter=\count186
\c@section=\count187
\c@subsection=\count188
\c@subsubsection=\count189
\c@paragraph=\count190
\c@subparagraph=\count191
\c@figure=\count192
\c@table=\count193
\abovecaptionskip=\skip47
\belowcaptionskip=\skip48
\bibindent=\dimen138
)
(/usr/share/texlive/texmf-dist/tex/latex/base/inputenc.sty
Package: inputenc 2021/02/14 v1.3d Input encoding file
\inpenc@prehook=\toks16
\inpenc@posthook=\toks17
)
(/usr/share/texlive/texmf-dist/tex/latex/base/fontenc.sty
Package: fontenc 2021/04/29 v2.0v Standard LaTeX package
)
(/usr/share/texlive/texmf-dist/tex/latex/amsmath/amsmath.sty
Package: amsmath 2022/04/08 v2.17n AMS math features
\@mathmargin=\skip49

For additional information on amsmath, use the `?' option.
(/usr/share/texlive/texmf-dist/tex/latex/amsmath/amstext.sty
Package: amstext 2021/08/26 v2.01 AMS text

(/usr/share/texlive/texmf-dist/tex/latex/amsmath/amsgen.sty
File: amsgen.sty 1999/11/30 v2.0 generic functions
\@emptytoks=\toks18
\ex@=\dimen139
))
(/usr/share/texlive/texmf-dist/tex/latex/amsmath/amsbsy.sty
Package: amsbsy 1999/11/29 v1.2d Bold Symbols
\pmbraise@=\dimen140
)
(/usr/share/texlive/texmf-dist/tex/latex/amsmath/amsopn.sty
Package: amsopn 2022/04/08 v2.04 operator names
)
\inf@bad=\count194
LaTeX Info: Redefining \frac on input line 234.
\uproot@=\count195
\leftroot@=\count196
LaTeX Info: Redefining \overline on input line 399.
LaTeX Info: Redefining \colon on input line 410.
\classnum@=\count197
\DOTSCASE@=\count198
LaTeX Info: Redefining \ldots on input line 496.
LaTeX Info: Redefining \dots on input line 499.
LaTeX Info: Redefining \cdots on input line 620.
\Mathstrutbox@=\box51
\strutbox@=\box52
LaTeX Info: Redefining \big on input line 722.
LaTeX Info: Redefining \Big on input line 723.
LaTeX Info: Redefining \bigg on input line 724.
LaTeX Info: Redefining \Bigg on input line 725.
\big@size=\dimen141
LaTeX Font Info:    Redeclaring font encoding OML on input line 743.
LaTeX Font Info:    Redeclaring font encoding OMS on input line 744.
\macc@depth=\count199
LaTeX Info: Redefining \bmod on input line 905.
LaTeX Info: Redefining \pmod on input line 910.
LaTeX Info: Redefining \smash on input line 940.
LaTeX Info: Redefining \relbar on input line 970.
LaTeX Info: Redefining \Relbar on input line 971.
\c@MaxMatrixCols=\count266
\dotsspace@=\muskip16
\c@parentequation=\count267
\dspbrk@lvl=\count268
\tag@help=\toks19
\row@=\count269
\column@=\count270
\maxfields@=\count271
\andhelp@=\toks20
\eqnshift@=\dimen142
\alignsep@=\dimen143
\tagshift@=\dimen144
\tagwidth@=\dimen145
\totwidth@=\dimen146
\lineht@=\dimen147
\@envbody=\toks21
\multlinegap=\skip50
\multlinetaggap=\skip51
\mathdisplay@stack=\toks22
LaTeX Info: Redefining \[ on input line 2953.
LaTeX Info: Redefining \] on input line 2954.
)
(/usr/share/texlive/texmf-dist/tex/latex/amsfonts/amsfonts.sty
Package: amsfonts 2013/01/14 v3.01 Basic AMSFonts support
\symAMSa=\mathgroup4
\symAMSb=\mathgroup5
LaTeX Font Info:    Redeclaring math symbol \hbar on input line 98.
LaTeX Font Info:    Overwriting math alphabet `\mathfrak' in version `bold'
(Font)                  U/euf/m/n --> U/euf/b/n on input line 106.
)
(/usr/share/texlive/texmf-dist/tex/latex/amsfonts/amssymb.sty
Package: amssymb 2013/01/14 v3.01 AMS font symbols
)
(/usr/share/texlive/texmf-dist/tex/latex/hyphenat/hyphenat.sty
Package: hyphenat 2009/09/02 v2.3c hyphenation utilities
\langwohyphens=\language87
LaTeX Info: Redefining \_ on input line 43.
)
(/usr/share/texlive/texmf-dist/tex/latex/geometry/geometry.sty
Package: geometry 2020/01/02 v5.9 Page Geometry

(/usr/share/texlive/texmf-dist/tex/latex/graphics/keyval.sty
Package: keyval 2022/05/29 v1.15 key=value parser (DPC)
\KV@toks@=\toks23
)
(/usr/share/texlive/texmf-dist/tex/generic/iftex/ifvtex.sty
Package: ifvtex 2019/10/25 v1.7 ifvtex legacy package. Use iftex instead.

(/usr/share/texlive/texmf-dist/tex/generic/iftex/iftex.sty
Package: iftex 2022/02/03 v1.0f TeX engine tests
))
\Gm@cnth=\count272
\Gm@cntv=\count273
\c@Gm@tempcnt=\count274
\Gm@bindingoffset=\dimen148
\Gm@wd@mp=\dimen149
\Gm@odd@mp=\dimen150
\Gm@even@mp=\dimen151
\Gm@layoutwidth=\dimen152
\Gm@layoutheight=\dimen153
\Gm@layouthoffset=\dimen154
\Gm@layoutvoffset=\dimen155
\Gm@dimlist=\toks24
)
(/usr/share/texlive/texmf-dist/tex/latex/pdfpages/pdfpages.sty
Package: pdfpages 2022/05/22 v0.5v Insert pages of external PDF documents (AM)

(/usr/share/texlive/texmf-dist/tex/latex/base/ifthen.sty
Package: ifthen 2022/04/13 v1.1d Standard LaTeX ifthen package (DPC)
)
(/usr/share/texlive/texmf-dist/tex/latex/tools/calc.sty
Package: calc 2017/05/25 v4.3 Infix arithmetic (KKT,FJ)
\calc@Acount=\count275
\calc@Bcount=\count276
\calc@Adimen=\dimen156
\calc@Bdimen=\dimen157
\calc@Askip=\skip52
\calc@Bskip=\skip53
LaTeX Info: Redefining \setlength on input line 80.
LaTeX Info: Redefining \addtolength on input line 81.
\calc@Ccount=\count277
\calc@Cskip=\skip54
)
(/usr/share/texlive/texmf-dist/tex/latex/eso-pic/eso-pic.sty
Package: eso-pic 2020/10/14 v3.0a eso-pic (RN)
\ESO@tempdima=\dimen158
\ESO@tempdimb=\dimen159

(/usr/share/texlive/texmf-dist/tex/latex/xcolor/xcolor.sty
Package: xcolor 2022/06/12 v2.14 LaTeX color extensions (UK)

(/usr/share/texlive/texmf-dist/tex/latex/graphics-cfg/color.cfg
File: color.cfg 2016/01/02 v1.6 sample color configuration
)
Package xcolor Info: Driver file: pdftex.def on input line 227.

(/usr/share/texlive/texmf-dist/tex/latex/graphics-def/pdftex.def
File: pdftex.def 2020/10/05 v1.2a Graphics/color driver for pdftex
)
(/usr/share/texlive/texmf-dist/tex/latex/graphics/mathcolor.ltx)
Package xcolor Info: Model `cmy' substituted by `cmy0' on input line 1353.
Package xcolor Info: Model `hsb' substituted by `rgb' on input line 1357.
Package xcolor Info: Model `RGB' extended on input line 1369.
Package xcolor Info: Model `HTML' substituted by `rgb' on input line 1371.
Package xcolor Info: Model `Hsb' substituted by `hsb' on input line 1372.
Package xcolor Info: Model `tHsb' substituted by `hsb' on input line 1373.
Package xcolor Info: Model `HSB' substituted by `hsb' on input line 1374.
Package xcolor Info: Model `Gray' substituted by `gray' on input line 1375.
Package xcolor Info: Model `wave' substituted by `hsb' on input line 1376.
))
(/usr/share/texlive/texmf-dist/tex/latex/graphics/graphicx.sty
Package: graphicx 2021/09/16 v1.2d Enhanced LaTeX Graphics (DPC,SPQR)

(/usr/share/texlive/texmf-dist/tex/latex/graphics/graphics.sty
Package: graphics 2022/03/10 v1.4e Standard LaTeX Graphics (DPC,SPQR)

(/usr/share/texlive/texmf-dist/tex/latex/graphics/trig.sty
Package: trig 2021/08/11 v1.11 sin cos tan (DPC)
)
(/usr/share/texlive/texmf-dist/tex/latex/graphics-cfg/graphics.cfg
File: graphics.cfg 2016/06/04 v1.11 sample graphics configuration
)
Package graphics Info: Driver file: pdftex.def on input line 107.
)
\Gin@req@height=\dimen160
\Gin@req@width=\dimen161
)
\AM@pagewidth=\dimen162
\AM@pageheight=\dimen163
\AM@fboxrule=\dimen164

(/usr/share/texlive/texmf-dist/tex/latex/pdfpages/pppdftex.def
File: pppdftex.def 2022/05/22 v0.5v Pdfpages driver for pdfTeX (AM)
)
\pdfpages@includegraphics@status=\count278
\AM@pagebox=\box53
\AM@global@opts=\toks25
\AM@pagecnt=\count279
\AM@toc@title=\toks26
\c@AM@survey=\count280
\AM@templatesizebox=\box54
)
(/usr/share/texlive/texmf-dist/tex/latex/tocloft/tocloft.sty
Package: tocloft 2017/08/31 v2.3i parameterised ToC, etc., typesetting
Package tocloft Info: The document has chapter divisions on input line 51.
\cftparskip=\skip55
\cftbeforetoctitleskip=\skip56
\cftaftertoctitleskip=\skip57
\cftbeforepartskip=\skip58
\cftpartnumwidth=\skip59
\cftpartindent=\skip60
\cftbeforechapskip=\skip61
\cftchapindent=\skip62
\cftchapnumwidth=\skip63
\cftbeforesecskip=\skip64
\cftsecindent=\skip65
\cftsecnumwidth=\skip66
\cftbeforesubsecskip=\skip67
\cftsubsecindent=\skip68
\cftsubsecnumwidth=\skip69
\cftbeforesubsubsecskip=\skip70
\cftsubsubsecindent=\skip71
\cftsubsubsecnumwidth=\skip72
\cftbeforeparaskip=\skip73
\cftparaindent=\skip74
\cftparanumwidth=\skip75
\cftbeforesubparaskip=\skip76
\cftsubparaindent=\skip77
\cftsubparanumwidth=\skip78
\cftbeforeloftitleskip=\skip79
\cftafterloftitleskip=\skip80
\cftbeforefigskip=\skip81
\cftfigindent=\skip82
\cftfignumwidth=\skip83
\c@lofdepth=\count281
\c@lotdepth=\count282
\cftbeforelottitleskip=\skip84
\cftafterlottitleskip=\skip85
\cftbeforetabskip=\skip86
\cfttabindent=\skip87
\cfttabnumwidth=\skip88
)
(/usr/share/texlive/texmf-dist/tex/latex/caption/caption.sty
Package: caption 2022/03/01 v3.6b Customizing captions (AR)

(/usr/share/texlive/texmf-dist/tex/latex/caption/caption3.sty
Package: caption3 2022/03/17 v2.3b caption3 kernel (AR)
\caption@tempdima=\dimen165
\captionmargin=\dimen166
\caption@leftmargin=\dimen167
\caption@rightmargin=\dimen168
\caption@width=\dimen169
\caption@indent=\dimen170
\caption@parindent=\dimen171
\caption@hangindent=\dimen172
Package caption Info: Standard document class detected.
)
\c@caption@flags=\count283
\c@continuedfloat=\count284
)
(/usr/share/texlive/texmf-dist/tex/latex/caption/subcaption.sty
Package: subcaption 2022/01/07 v1.5 Sub-captions (AR)
\c@subfigure=\count285
\c@subtable=\count286
)
(/usr/share/texlive/texmf-dist/tex/latex/tools/multicol.sty
Package: multicol 2021/11/30 v1.9d multicolumn formatting (FMi)
\c@tracingmulticols=\count287
\mult@box=\box55
\multicol@leftmargin=\dimen173
\c@unbalance=\count288
\c@collectmore=\count289
\doublecol@number=\count290
\multicoltolerance=\count291
\multicolpretolerance=\count292
\full@width=\dimen174
\page@free=\dimen175
\premulticols=\dimen176
\postmulticols=\dimen177
\multicolsep=\skip89
\multicolbaselineskip=\skip90
\partial@page=\box56
\last@line=\box57
\maxbalancingoverflow=\dimen178
\mult@rightbox=\box58
\mult@grightbox=\box59
\mult@firstbox=\box60
\mult@gfirstbox=\box61
\@tempa=\box62
\@tempa=\box63
\@tempa=\box64
\@tempa=\box65
\@tempa=\box66
\@tempa=\box67
\@tempa=\box68
\@tempa=\box69
\@tempa=\box70
\@tempa=\box71
\@tempa=\box72
\@tempa=\box73
\@tempa=\box74
\@tempa=\box75
\@tempa=\box76
\@tempa=\box77
\@tempa=\box78
\@tempa=\box79
\@tempa=\box80
\@tempa=\box81
\@tempa=\box82
\@tempa=\box83
\@tempa=\box84
\@tempa=\box85
\@tempa=\box86
\@tempa=\box87
\@tempa=\box88
\@tempa=\box89
\@tempa=\box90
\@tempa=\box91
\@tempa=\box92
\@tempa=\box93
\@tempa=\box94
\@tempa=\box95
\@tempa=\box96
\@tempa=\box97
\c@minrows=\count293
\c@columnbadness=\count294
\c@finalcolumnbadness=\count295
\last@try=\dimen179
\multicolovershoot=\dimen180
\multicolundershoot=\dimen181
\mult@nat@firstbox=\box98
\colbreak@box=\box99
\mc@col@check@num=\count296
)
(/usr/share/texlive/texmf-dist/tex/latex/multirow/multirow.sty
Package: multirow 2021/03/15 v2.8 Span multiple rows of a table
\multirow@colwidth=\skip91
\multirow@cntb=\count297
\multirow@dima=\skip92
\bigstrutjot=\dimen182
)
(/usr/share/texlive/texmf-dist/tex/latex/setspace/setspace.sty
Package: setspace 2011/12/19 v6.7a set line spacing
)
(/usr/share/texlive/texmf-dist/tex/latex/algorithms/algorithm.sty
Package: algorithm 2009/08/24 v0.1 Document Style `algorithm' - floating enviro
nment

(/usr/share/texlive/texmf-dist/tex/latex/float/float.sty
Package: float 2001/11/08 v1.3d Float enhancements (AL)
\c@float@type=\count298
\float@exts=\toks27
\float@box=\box100
\@float@everytoks=\toks28
\@floatcapt=\box101
)
\@float@every@algorithm=\toks29
\c@algorithm=\count299
)
(/usr/share/texlive/texmf-dist/tex/latex/algorithms/algorithmic.sty
Package: algorithmic 2009/08/24 v0.1 Document Style `algorithmic'
\c@ALC@unique=\count300
\c@ALC@line=\count301
\c@ALC@rem=\count302
\c@ALC@depth=\count303
\ALC@tlm=\skip93
\algorithmicindent=\skip94
)
(/usr/share/texlive/texmf-dist/tex/latex/enumitem/enumitem.sty
Package: enumitem 2019/06/20 v3.9 Customized lists
\labelindent=\skip95
\enit@outerparindent=\dimen183
\enit@toks=\toks30
\enit@inbox=\box102
\enit@count@id=\count304
\enitdp@description=\count305
)
(/usr/share/texlive/texmf-dist/tex/latex/natbib/natbib.sty
Package: natbib 2010/09/13 8.31b (PWD, AO)
\bibhang=\skip96
\bibsep=\skip97
LaTeX Info: Redefining \cite on input line 694.
\c@NAT@ctr=\count306
)
(/usr/share/texlive/texmf-dist/tex/latex/booktabs/booktabs.sty
Package: booktabs 2020/01/12 v1.61803398 Publication quality tables
\heavyrulewidth=\dimen184
\lightrulewidth=\dimen185
\cmidrulewidth=\dimen186
\belowrulesep=\dimen187
\belowbottomsep=\dimen188
\aboverulesep=\dimen189
\abovetopsep=\dimen190
\cmidrulesep=\dimen191
\cmidrulekern=\dimen192
\defaultaddspace=\dimen193
\@cmidla=\count307
\@cmidlb=\count308
\@aboverulesep=\dimen194
\@belowrulesep=\dimen195
\@thisruleclass=\count309
\@lastruleclass=\count310
\@thisrulewidth=\dimen196
)
(/usr/share/texlive/texmf-dist/tex/latex/hyperref/hyperref.sty
Package: hyperref 2022-06-20 v7.00s Hypertext links for LaTeX

(/usr/share/texlive/texmf-dist/tex/generic/ltxcmds/ltxcmds.sty
Package: ltxcmds 2020-05-10 v1.25 LaTeX kernel commands for general use (HO)
)
(/usr/share/texlive/texmf-dist/tex/generic/pdftexcmds/pdftexcmds.sty
Package: pdftexcmds 2020-06-27 v0.33 Utility functions of pdfTeX for LuaTeX (HO
)

(/usr/share/texlive/texmf-dist/tex/generic/infwarerr/infwarerr.sty
Package: infwarerr 2019/12/03 v1.5 Providing info/warning/error messages (HO)
)
Package pdftexcmds Info: \pdf@primitive is available.
Package pdftexcmds Info: \pdf@ifprimitive is available.
Package pdftexcmds Info: \pdfdraftmode found.
)
(/usr/share/texlive/texmf-dist/tex/generic/kvsetkeys/kvsetkeys.sty
Package: kvsetkeys 2019/12/15 v1.18 Key value parser (HO)
)
(/usr/share/texlive/texmf-dist/tex/generic/kvdefinekeys/kvdefinekeys.sty
Package: kvdefinekeys 2019-12-19 v1.6 Define keys (HO)
)
(/usr/share/texlive/texmf-dist/tex/generic/pdfescape/pdfescape.sty
Package: pdfescape 2019/12/09 v1.15 Implements pdfTeX's escape features (HO)
)
(/usr/share/texlive/texmf-dist/tex/latex/hycolor/hycolor.sty
Package: hycolor 2020-01-27 v1.10 Color options for hyperref/bookmark (HO)
)
(/usr/share/texlive/texmf-dist/tex/latex/letltxmacro/letltxmacro.sty
Package: letltxmacro 2019/12/03 v1.6 Let assignment for LaTeX macros (HO)
)
(/usr/share/texlive/texmf-dist/tex/latex/auxhook/auxhook.sty
Package: auxhook 2019-12-17 v1.6 Hooks for auxiliary files (HO)
)
(/usr/share/texlive/texmf-dist/tex/latex/hyperref/nameref.sty
Package: nameref 2022-05-17 v2.50 Cross-referencing by name of section

(/usr/share/texlive/texmf-dist/tex/latex/refcount/refcount.sty
Package: refcount 2019/12/15 v3.6 Data extraction from label references (HO)
)
(/usr/share/texlive/texmf-dist/tex/generic/gettitlestring/gettitlestring.sty
Package: gettitlestring 2019/12/15 v1.6 Cleanup title references (HO)

(/usr/share/texlive/texmf-dist/tex/latex/kvoptions/kvoptions.sty
Package: kvoptions 2022-06-15 v3.15 Key value format for package options (HO)
))
\c@section@level=\count311
)
\@linkdim=\dimen197
\Hy@linkcounter=\count312
\Hy@pagecounter=\count313

(/usr/share/texlive/texmf-dist/tex/latex/hyperref/pd1enc.def
File: pd1enc.def 2022-06-20 v7.00s Hyperref: PDFDocEncoding definition (HO)
Now handling font encoding PD1 ...
... no UTF-8 mapping file for font encoding PD1
)
(/usr/share/texlive/texmf-dist/tex/generic/intcalc/intcalc.sty
Package: intcalc 2019/12/15 v1.3 Expandable calculations with integers (HO)
)
(/usr/share/texlive/texmf-dist/tex/generic/etexcmds/etexcmds.sty
Package: etexcmds 2019/12/15 v1.7 Avoid name clashes with e-TeX commands (HO)
)
\Hy@SavedSpaceFactor=\count314

(/usr/share/texlive/texmf-dist/tex/latex/hyperref/puenc.def
File: puenc.def 2022-06-20 v7.00s Hyperref: PDF Unicode definition (HO)
Now handling font encoding PU ...
... no UTF-8 mapping file for font encoding PU
)
Package hyperref Info: Hyper figures OFF on input line 4162.
Package hyperref Info: Link nesting OFF on input line 4167.
Package hyperref Info: Hyper index ON on input line 4170.
Package hyperref Info: Plain pages OFF on input line 4177.
Package hyperref Info: Backreferencing OFF on input line 4182.
Package hyperref Info: Implicit mode ON; LaTeX internals redefined.
Package hyperref Info: Bookmarks ON on input line 4408.
\c@Hy@tempcnt=\count315

(/usr/share/texlive/texmf-dist/tex/latex/url/url.sty
\Urlmuskip=\muskip17
Package: url 2013/09/16  ver 3.4  Verb mode for urls, etc.
)
LaTeX Info: Redefining \url on input line 4746.
\XeTeXLinkMargin=\dimen198

(/usr/share/texlive/texmf-dist/tex/generic/bitset/bitset.sty
Package: bitset 2019/12/09 v1.3 Handle bit-vector datatype (HO)

(/usr/share/texlive/texmf-dist/tex/generic/bigintcalc/bigintcalc.sty
Package: bigintcalc 2019/12/15 v1.5 Expandable calculations on big integers (HO
)
))
\Fld@menulength=\count316
\Field@Width=\dimen199
\Fld@charsize=\dimen256
Package hyperref Info: Hyper figures OFF on input line 6024.
Package hyperref Info: Link nesting OFF on input line 6029.
Package hyperref Info: Hyper index ON on input line 6032.
Package hyperref Info: backreferencing OFF on input line 6039.
Package hyperref Info: Link coloring OFF on input line 6044.
Package hyperref Info: Link coloring with OCG OFF on input line 6049.
Package hyperref Info: PDF/A mode OFF on input line 6054.

(/usr/share/texlive/texmf-dist/tex/latex/base/atbegshi-ltx.sty
Package: atbegshi-ltx 2021/01/10 v1.0c Emulation of the original atbegshi
package with kernel methods
)
\Hy@abspage=\count317
\c@Item=\count318
\c@Hfootnote=\count319
)
Package hyperref Info: Driver (autodetected): hpdftex.

(/usr/share/texlive/texmf-dist/tex/latex/hyperref/hpdftex.def
File: hpdftex.def 2022-06-20 v7.00s Hyperref driver for pdfTeX

(/usr/share/texlive/texmf-dist/tex/latex/base/atveryend-ltx.sty
Package: atveryend-ltx 2020/08/19 v1.0a Emulation of the original atveryend pac
kage
with kernel methods
)
\Fld@listcount=\count320
\c@bookmark@seq@number=\count321

(/usr/share/texlive/texmf-dist/tex/latex/rerunfilecheck/rerunfilecheck.sty
Package: rerunfilecheck 2022-07-10 v1.10 Rerun checks for auxiliary files (HO)

(/usr/share/texlive/texmf-dist/tex/generic/uniquecounter/uniquecounter.sty
Package: uniquecounter 2019/12/15 v1.4 Provide unlimited unique counter (HO)
)
Package uniquecounter Info: New unique counter `rerunfilecheck' on input line 2
85.
)
\Hy@SectionHShift=\skip98
)
(/usr/share/texlive/texmf-dist/tex/latex/acronym/acronym.sty
Package: acronym 2020/04/17 v1.47 Support for acronyms (Tobias Oetiker)

(/usr/share/texlive/texmf-dist/tex/latex/bigfoot/suffix.sty
Package: suffix 2006/07/15 1.5a Variant command support
)
(/usr/share/texlive/texmf-dist/tex/generic/xstring/xstring.sty
(/usr/share/texlive/texmf-dist/tex/generic/xstring/xstring.tex
\integerpart=\count322
\decimalpart=\count323
)
Package: xstring 2021/07/21 v1.84 String manipulations (CT)
)
\AC@clearlist=\toks31
)
(/usr/share/texlive/texmf-dist/tex/latex/listings/listings.sty
\lst@mode=\count324
\lst@gtempboxa=\box103
\lst@token=\toks32
\lst@length=\count325
\lst@currlwidth=\dimen257
\lst@column=\count326
\lst@pos=\count327
\lst@lostspace=\dimen258
\lst@width=\dimen259
\lst@newlines=\count328
\lst@lineno=\count329
\lst@maxwidth=\dimen260

(/usr/share/texlive/texmf-dist/tex/latex/listings/lstmisc.sty
File: lstmisc.sty 2020/03/24 1.8d (Carsten Heinz)
\c@lstnumber=\count330
\lst@skipnumbers=\count331
\lst@framebox=\box104
)
(/usr/share/texlive/texmf-dist/tex/latex/listings/listings.cfg
File: listings.cfg 2020/03/24 1.8d listings configuration
))
Package: listings 2020/03/24 1.8d (Carsten Heinz)

(/usr/share/texlive/texmf-dist/tex/latex/l3backend/l3backend-pdftex.def
File: l3backend-pdftex.def 2022-07-01 L3 backend support: PDF output (pdfTeX)
\l__color_backend_stack_int=\count332
\l__pdf_internal_box=\box105
)
(./project_main.aux)
\openout1 = `project_main.aux'.

LaTeX Font Info:    Checking defaults for OML/cmm/m/it on input line 54.
LaTeX Font Info:    ... okay on input line 54.
LaTeX Font Info:    Checking defaults for OMS/cmsy/m/n on input line 54.
LaTeX Font Info:    ... okay on input line 54.
LaTeX Font Info:    Checking defaults for OT1/cmr/m/n on input line 54.
LaTeX Font Info:    ... okay on input line 54.
LaTeX Font Info:    Checking defaults for T1/cmr/m/n on input line 54.
LaTeX Font Info:    ... okay on input line 54.
LaTeX Font Info:    Checking defaults for TS1/cmr/m/n on input line 54.
LaTeX Font Info:    ... okay on input line 54.
LaTeX Font Info:    Checking defaults for OMX/cmex/m/n on input line 54.
LaTeX Font Info:    ... okay on input line 54.
LaTeX Font Info:    Checking defaults for U/cmr/m/n on input line 54.
LaTeX Font Info:    ... okay on input line 54.
LaTeX Font Info:    Checking defaults for PD1/pdf/m/n on input line 54.
LaTeX Font Info:    ... okay on input line 54.
LaTeX Font Info:    Checking defaults for PU/pdf/m/n on input line 54.
LaTeX Font Info:    ... okay on input line 54.

*geometry* driver: auto-detecting
*geometry* detected driver: pdftex
*geometry* verbose mode - [ preamble ] result:
* driver: pdftex
* paper: <default>
* layout: <same size as paper>
* layoutoffset:(h,v)=(0.0pt,0.0pt)
* modes: 
* h-part:(L,W,R)=(92.14519pt, 430.00462pt, 92.14519pt)
* v-part:(T,H,B)=(95.39737pt, 556.47656pt, 143.09605pt)
* \paperwidth=614.295pt
* \paperheight=794.96999pt
* \textwidth=430.00462pt
* \textheight=556.47656pt
* \oddsidemargin=19.8752pt
* \evensidemargin=19.8752pt
* \topmargin=-8.74641pt
* \headheight=12.0pt
* \headsep=19.8738pt
* \topskip=12.0pt
* \footskip=30.0pt
* \marginparwidth=47.0pt
* \marginparsep=7.0pt
* \columnsep=10.0pt
* \skip\footins=10.8pt plus 4.0pt minus 2.0pt
* \hoffset=0.0pt
* \voffset=0.0pt
* \mag=1000
* \@twocolumnfalse
* \@twosidefalse
* \@mparswitchfalse
* \@reversemarginfalse
* (1in=72.27pt=25.4mm, 1cm=28.453pt)

(/usr/share/texlive/texmf-dist/tex/context/base/mkii/supp-pdf.mkii
[Loading MPS to PDF converter (version 2006.09.02).]
\scratchcounter=\count333
\scratchdimen=\dimen261
\scratchbox=\box106
\nofMPsegments=\count334
\nofMParguments=\count335
\everyMPshowfont=\toks33
\MPscratchCnt=\count336
\MPscratchDim=\dimen262
\MPnumerator=\count337
\makeMPintoPDFobject=\count338
\everyMPtoPDFconversion=\toks34
) (/usr/share/texlive/texmf-dist/tex/latex/epstopdf-pkg/epstopdf-base.sty
Package: epstopdf-base 2020-01-24 v2.11 Base part for package epstopdf
Package epstopdf-base Info: Redefining graphics rule for `.eps' on input line 4
85.

(/usr/share/texlive/texmf-dist/tex/latex/latexconfig/epstopdf-sys.cfg
File: epstopdf-sys.cfg 2010/07/13 v1.3 Configuration of (r)epstopdf for TeX Liv
e
))
(/usr/share/texlive/texmf-dist/tex/latex/pdflscape/pdflscape.sty
Package: pdflscape 2019/12/05 v0.12 Display of landscape pages in PDF (HO)

(/usr/share/texlive/texmf-dist/tex/latex/graphics/lscape.sty
Package: lscape 2020/05/28 v3.02 Landscape Pages (DPC)
)
Package pdflscape Info: Auto-detected driver: pdftex on input line 81.
)
Package caption Info: Begin \AtBeginDocument code.
Package caption Info: float package is loaded.
Package caption Info: hyperref package is loaded.
Package caption Info: listings package is loaded.
Package caption Info: End \AtBeginDocument code.
Package hyperref Info: Link coloring OFF on input line 54.

(./project_main.out) (./project_main.out)
\@outlinefile=\write3
\openout3 = `project_main.out'.

\c@lstlisting=\count339
 (./titlepage.tex
<images//gsulogo.jpg, id=64, 795.97375pt x 615.29875pt>
File: images//gsulogo.jpg Graphic file (type jpg)
<use images//gsulogo.jpg>
Package pdftex.def Info: images//gsulogo.jpg  used on input line 12.
(pdftex.def)             Requested size: 238.79396pt x 184.59105pt.
 [1



{/var/lib/texmf/fonts/map/pdftex/updmap/pdftex.map} <./images//gsulogo.jpg>]) (
./project_main.toc
LaTeX Font Info:    Trying to load font information for U+msa on input line 1.
(/usr/share/texlive/texmf-dist/tex/latex/amsfonts/umsa.fd
File: umsa.fd 2013/01/14 v3.01 AMS symbols A
)
LaTeX Font Info:    Trying to load font information for U+msb on input line 1.

(/usr/share/texlive/texmf-dist/tex/latex/amsfonts/umsb.fd
File: umsb.fd 2013/01/14 v3.01 AMS symbols B
))
\tf@toc=\write4
\openout4 = `project_main.toc'.


pdfTeX warning (ext4): destination with the same identifier (name{page.i}) has 
been already used, duplicate ignored
<to be read again> 
                   \relax 
l.63 	\listofalgorithms
                        [1

] (./project_main.loa
Package acronym Info: Label `acro:rk2' newly defined as it shall be overridden
although it is yet undefined on input line 3.
Package acronym Info: Label `acro:rk4' newly defined as it shall be overridden
although it is yet undefined on input line 4.
Package acronym Info: Label `acro:rkf' newly defined as it shall be overridden
although it is yet undefined on input line 7.
)
\tf@loa=\write5
\openout5 = `project_main.loa'.

 [2

] (./project_main.lot)
\tf@lot=\write6
\openout6 = `project_main.lot'.


[3

] (./project_main.lof)
\tf@lof=\write7
\openout7 = `project_main.lof'.

 [4

] (./abbrevs.tex) [5

]
Chapter 1.
Package acronym Info: Label `acro:ivp' newly defined as it shall be overridden
although it is yet undefined on input line 79.
Package acronym Info: Label `acro:de' newly defined as it shall be overridden
although it is yet undefined on input line 79.

Overfull \hbox (11.60915pt too wide) in paragraph at lines 79--80
\T1/cmr/m/n/12 in-for-ma-tion about that func-tion, more specif-i-cally, you lo
se the con-stant. By in-te-grat-ing
 []

[1


]
Overfull \hbox (9.39912pt too wide) in paragraph at lines 115--117
\T1/cmr/m/n/12 In real-life sit-u-a-tions, the dif-fer-en-tial equa-tion that m
od-els a prob-lem is too com-pli-cated
 []


Overfull \hbox (11.11813pt too wide) in paragraph at lines 115--117
\T1/cmr/m/n/12 [Ÿ []2.5[]] The Adams-Bashforth 4th-Order Ex-plicit, [Ÿ []2.6[]]
 The Adams 4th-Order Pre-dic-tor
 []

[2]
Chapter 2.
Package acronym Info: Label `acro:ode' newly defined as it shall be overridden
although it is yet undefined on input line 126.
[3

]
Package acronym Info: Label `acro:lte' newly defined as it shall be overridden
although it is yet undefined on input line 147.
Package acronym Info: Label `acro:gte' newly defined as it shall be overridden
although it is yet undefined on input line 156.
 [4
pdfTeX warning (ext4): destination with the same identifier (name{equation.2.1.
2}) has been already used, duplicate ignored
<argument> ...shipout:D \box_use:N \l_shipout_box 
                                                  \__shipout_drop_firstpage_...
l.165 ... \leq b, \hspace*{0.2cm} y(a) = \alpha \]
                                                  ]
Package hyperref Info: bookmark level for unknown algorithm defaults to 0 on in
put line 169.
 [5] [6

] [7

] [8

] [9

]
[10

] [11

]
Overfull \hbox (12.01012pt too wide) in paragraph at lines 315--315
[]\T1/cmr/bx/n/17.28 The Adams-Bashforth 4th-Order Ex-plicit Method 
 []

[12

] [13

]
Overfull \hbox (23.37581pt too wide) in paragraph at lines 363--363
[]\T1/cmr/bx/n/17.28 The Adams 4th-Order Predictor-Corrector Method 
 []

[14

] [15]
Overfull \hbox (6.81511pt too wide) in paragraph at lines 427--429
\T1/cmr/m/n/12 The Runge^^UKutta^^UFehlberg method (or Fehlberg method) is an a
l-go-rithm in nu-mer-i-cal
 []

[16

]
Overfull \vbox (140.9676pt too high) has occurred while \output is active []


[17]
Overfull \hbox (21.19463pt too wide) in paragraph at lines 493--493
[]\T1/cmr/bx/n/17.28 The Adams Vari-able Step-Size Predictor-Corrector 
 []


Underfull \hbox (badness 3780) in paragraph at lines 532--533
[] []$\OML/cmm/m/it/12 w[] \OT1/cmr/m/n/12 = \OML/cmm/m/it/12 w[] \OT1/cmr/m/n/
12 + [][55\OML/cmm/m/it/12 f\OT1/cmr/m/n/12 (\OML/cmm/m/it/12 t[]; w[]\OT1/cmr/
m/n/12 ) \OMS/cmsy/m/n/12 ^^@ \OT1/cmr/m/n/12 59\OML/cmm/m/it/12 f\OT1/cmr/m/n/
12 (\OML/cmm/m/it/12 t[]; w[]\OT1/cmr/m/n/12 ) + 37\OML/cmm/m/it/12 f\OT1/cmr/m
/n/12 (\OML/cmm/m/it/12 t[]; w[]\OT1/cmr/m/n/12 ) \OMS/cmsy/m/n/12 ^^@
 []

[18

]
Overfull \vbox (72.2555pt too high) has occurred while \output is active []


[19]
Overfull \vbox (142.3154pt too high) has occurred while \output is active []


[20] [21]
Chapter 3.
(/usr/share/texlive/texmf-dist/tex/latex/listings/lstlang1.sty
File: lstlang1.sty 2020/03/24 1.8d listings language file
)
Package hyperref Info: bookmark level for unknown lstlisting defaults to 0 on i
nput line 696.
LaTeX Font Info:    Trying to load font information for T1+cmtt on input line 6
96.

(/usr/share/texlive/texmf-dist/tex/latex/base/t1cmtt.fd
File: t1cmtt.fd 2019/12/16 v2.5j Standard LaTeX font definitions
) (./myfunc.py) [22

]
Overfull \hbox (17.55513pt too wide) in paragraph at lines 722--739
[][] 
 []


Overfull \hbox (3.14595pt too wide) in paragraph at lines 743--760
[][] 
 []


LaTeX Warning: `!h' float specifier changed to `!ht'.


Overfull \hbox (3.14595pt too wide) in paragraph at lines 764--781
[][] 
 []


LaTeX Warning: `!h' float specifier changed to `!ht'.


Overfull \hbox (23.6592pt too wide) in paragraph at lines 785--802
[][] 
 []


LaTeX Warning: `!h' float specifier changed to `!ht'.


Overfull \hbox (23.43279pt too wide) in paragraph at lines 806--823
[][] 
 []


LaTeX Warning: `!h' float specifier changed to `!ht'.

[23] [24] [25]
<images//euler.png, id=673, 387.4475pt x 266.9975pt>
File: images//euler.png Graphic file (type png)
<use images//euler.png>
Package pdftex.def Info: images//euler.png  used on input line 831.
(pdftex.def)             Requested size: 202.10269pt x 139.2754pt.
<images//euler_err.png, id=675, 393.47pt x 262.9825pt>
File: images//euler_err.png Graphic file (type png)
<use images//euler_err.png>
Package pdftex.def Info: images//euler_err.png  used on input line 837.
(pdftex.def)             Requested size: 202.10269pt x 135.07834pt.
<images//mod_euler.png, id=676, 387.4475pt x 262.9825pt>
File: images//mod_euler.png Graphic file (type png)
<use images//mod_euler.png>
Package pdftex.def Info: images//mod_euler.png  used on input line 848.
(pdftex.def)             Requested size: 202.10269pt x 137.18105pt.
<images//mod_euler_err.png, id=677, 399.4925pt x 265.99374pt>
File: images//mod_euler_err.png Graphic file (type png)
<use images//mod_euler_err.png>
Package pdftex.def Info: images//mod_euler_err.png  used on input line 854.
(pdftex.def)             Requested size: 202.10269pt x 134.56726pt.
<images//rk2.png, id=678, 387.4475pt x 262.9825pt>
File: images//rk2.png Graphic file (type png)
<use images//rk2.png>
Package pdftex.def Info: images//rk2.png  used on input line 865.
(pdftex.def)             Requested size: 202.10269pt x 137.18105pt.
<images//rk2_err.png, id=679, 399.4925pt x 265.99374pt>
File: images//rk2_err.png Graphic file (type png)
<use images//rk2_err.png>
Package pdftex.def Info: images//rk2_err.png  used on input line 871.
(pdftex.def)             Requested size: 202.10269pt x 134.56726pt.


LaTeX Warning: `!h' float specifier changed to `!ht'.

<images//rk4.png, id=682, 387.4475pt x 262.9825pt>
File: images//rk4.png Graphic file (type png)
<use images//rk4.png>
Package pdftex.def Info: images//rk4.png  used on input line 882.
(pdftex.def)             Requested size: 202.10269pt x 137.18105pt.
<images//rk4_err.png, id=683, 393.47pt x 274.02374pt>
File: images//rk4_err.png Graphic file (type png)
<use images//rk4_err.png>
Package pdftex.def Info: images//rk4_err.png  used on input line 888.
(pdftex.def)             Requested size: 202.10269pt x 140.74957pt.

LaTeX Warning: `!h' float specifier changed to `!ht'.

<images//aexp.png, id=686, 387.4475pt x 262.9825pt>
File: images//aexp.png Graphic file (type png)
<use images//aexp.png>
Package pdftex.def Info: images//aexp.png  used on input line 899.
(pdftex.def)             Requested size: 202.10269pt x 137.18105pt.
<images//aexp_err.png, id=687, 406.51875pt x 262.9825pt>
File: images//aexp_err.png Graphic file (type png)
<use images//aexp_err.png>
Package pdftex.def Info: images//aexp_err.png  used on input line 905.
(pdftex.def)             Requested size: 202.10269pt x 130.74052pt.

LaTeX Warning: `!h' float specifier changed to `!ht'.

<images//apc4.png, id=688, 387.4475pt x 262.9825pt>
File: images//apc4.png Graphic file (type png)
<use images//apc4.png>
Package pdftex.def Info: images//apc4.png  used on input line 916.
(pdftex.def)             Requested size: 202.10269pt x 137.18105pt.
<images//apc4_err.png, id=689, 377.41pt x 274.02374pt>
File: images//apc4_err.png Graphic file (type png)
<use images//apc4_err.png>
Package pdftex.def Info: images//apc4_err.png  used on input line 922.
(pdftex.def)             Requested size: 202.10269pt x 146.73714pt.

LaTeX Warning: `!h' float specifier changed to `!ht'.

[26

 <./images//euler.png> <./images//euler_err.png> <./images//mod_euler.png> <./i
mages//mod_euler_err.png>] [27 <./images//rk2.png> <./images//rk2_err.png> <./i
mages//rk4.png> <./images//rk4_err.png>] [28 <./images//aexp.png> <./images//ae
xp_err.png> <./images//apc4.png> <./images//apc4_err.png>] [29

]
(./project_main.bbl
Underfull \hbox (badness 10000) in paragraph at lines 41--46
[]\T1/cmr/m/n/12 Geek4Geeks.  Runge-kutta 2nd or-der method to solve
 []


Underfull \hbox (badness 10000) in paragraph at lines 41--46
\T1/cmr/m/n/12 dif-fer-en-tial equa-tions.  URL []$\T1/cmtt/m/n/12 https : / / 
www . geeksforgeeks . org /
 []


Underfull \hbox (badness 10000) in paragraph at lines 41--46
\T1/cmtt/m/n/12 runge-[]kutta-[]2nd-[]order-[]method-[]to-[]solve-[]differentia
l-[]equations$[]\T1/cmr/m/n/12 .
 []


Underfull \hbox (badness 3189) in paragraph at lines 48--53
[]\T1/cmr/m/n/12 D. W. Harder.  Runge kutta fehlberg.  URL []$\T1/cmtt/m/n/12 h
ttps : / / ece . uwaterloo .
 []


Underfull \hbox (badness 10000) in paragraph at lines 62--67
\T1/cmtt/m/n/12 com / matlabcentral / fileexchange / 73881-[]runge-[]kutta-[]fe
hlberg-[]rkf45$[]\T1/cmr/m/n/12 .
 []

[30


]) [31] (./project_main.aux)
Package rerunfilecheck Info: File `project_main.out' has not changed.
(rerunfilecheck)             Checksum: 25A6B35673DB35B5EF0BBD3C7EC53F9F;2699.
 ) 
Here is how much of TeX's memory you used:
 17498 strings out of 478023
 271463 string characters out of 5841208
 835240 words of memory out of 5000000
 35320 multiletter control sequences out of 15000+600000
 489014 words of font info for 73 fonts, out of 8000000 for 9000
 1141 hyphenation exceptions out of 8191
 72i,21n,77p,975b,1518s stack positions out of 10000i,1000n,20000p,200000b,200000s
{/usr/share/texmf/fonts/enc/dvips/cm-super/cm-super-t1.enc}</usr/share/texliv
e/texmf-dist/fonts/type1/public/amsfonts/cm/cmex10.pfb></usr/share/texlive/texm
f-dist/fonts/type1/public/amsfonts/cm/cmmi10.pfb></usr/share/texlive/texmf-dist
/fonts/type1/public/amsfonts/cm/cmmi12.pfb></usr/share/texlive/texmf-dist/fonts
/type1/public/amsfonts/cm/cmmi6.pfb></usr/share/texlive/texmf-dist/fonts/type1/
public/amsfonts/cm/cmmi8.pfb></usr/share/texlive/texmf-dist/fonts/type1/public/
amsfonts/cm/cmr12.pfb></usr/share/texlive/texmf-dist/fonts/type1/public/amsfont
s/cm/cmr6.pfb></usr/share/texlive/texmf-dist/fonts/type1/public/amsfonts/cm/cmr
8.pfb></usr/share/texlive/texmf-dist/fonts/type1/public/amsfonts/cm/cmsy10.pfb>
</usr/share/texlive/texmf-dist/fonts/type1/public/amsfonts/cm/cmsy6.pfb></usr/s
hare/texlive/texmf-dist/fonts/type1/public/amsfonts/cm/cmsy8.pfb></usr/share/te
xlive/texmf-dist/fonts/type1/public/amsfonts/symbols/msbm10.pfb></usr/share/tex
mf/fonts/type1/public/cm-super/sfbx1200.pfb></usr/share/texmf/fonts/type1/publi
c/cm-super/sfbx1440.pfb></usr/share/texmf/fonts/type1/public/cm-super/sfbx1728.
pfb></usr/share/texmf/fonts/type1/public/cm-super/sfbx2074.pfb></usr/share/texm
f/fonts/type1/public/cm-super/sfbx2488.pfb></usr/share/texmf/fonts/type1/public
/cm-super/sfrm0600.pfb></usr/share/texmf/fonts/type1/public/cm-super/sfrm1000.p
fb></usr/share/texmf/fonts/type1/public/cm-super/sfrm1095.pfb></usr/share/texmf
/fonts/type1/public/cm-super/sfrm1200.pfb></usr/share/texmf/fonts/type1/public/
cm-super/sfrm1440.pfb></usr/share/texmf/fonts/type1/public/cm-super/sfrm2074.pf
b></usr/share/texmf/fonts/type1/public/cm-super/sfsl1200.pfb></usr/share/texmf/
fonts/type1/public/cm-super/sfti1200.pfb></usr/share/texmf/fonts/type1/public/c
m-super/sftt1000.pfb></usr/share/texmf/fonts/type1/public/cm-super/sftt1200.pfb
>
Output written on project_main.pdf (37 pages, 651072 bytes).
PDF statistics:
 947 PDF objects out of 1000 (max. 8388607)
 810 compressed objects within 9 object streams
 351 named destinations out of 1000 (max. 500000)
 186 words of extra memory for PDF output out of 10000 (max. 10000000)

